<?xml version="1.0" encoding="UTF-8"?>
<testsuite xmlns:xsi="http://www.w3.org/2001/XMLSchema-instance" xsi:noNamespaceSchemaLocation="https://maven.apache.org/surefire/maven-surefire-plugin/xsd/surefire-test-report.xsd" name="tests.setupTest" time="403.566" tests="6" errors="0" skipped="0" failures="0">
  <properties>
    <property name="idea.version" value="2021.2.2"/>
    <property name="java.runtime.name" value="OpenJDK Runtime Environment"/>
    <property name="sun.boot.library.path" value="/Users/rodrigo/Library/Java/JavaVirtualMachines/temurin-1.8.0_302/Contents/Home/jre/lib"/>
    <property name="java.vm.version" value="25.302-b08"/>
    <property name="gopherProxySet" value="false"/>
    <property name="java.vm.vendor" value="Temurin"/>
    <property name="maven.multiModuleProjectDirectory" value="/Users/rodrigo/code/treinamento-automacao-2021"/>
    <property name="java.vendor.url" value="https://adoptium.net/"/>
    <property name="path.separator" value=":"/>
    <property name="guice.disable.misplaced.annotation.check" value="true"/>
    <property name="java.vm.name" value="OpenJDK 64-Bit Server VM"/>
    <property name="file.encoding.pkg" value="sun.io"/>
    <property name="user.country" value="BR"/>
    <property name="sun.java.launcher" value="SUN_STANDARD"/>
    <property name="sun.os.patch.level" value="unknown"/>
    <property name="java.vm.specification.name" value="Java Virtual Machine Specification"/>
    <property name="user.dir" value="/Users/rodrigo/code/treinamento-automacao-2021"/>
    <property name="java.runtime.version" value="1.8.0_302-b08"/>
    <property name="java.awt.graphicsenv" value="sun.awt.CGraphicsEnvironment"/>
    <property name="java.endorsed.dirs" value="/Users/rodrigo/Library/Java/JavaVirtualMachines/temurin-1.8.0_302/Contents/Home/jre/lib/endorsed"/>
    <property name="os.arch" value="x86_64"/>
    <property name="java.io.tmpdir" value="/var/folders/xx/xpds13cs0nd9wfxjksbcsj2m0000gq/T/"/>
    <property name="line.separator" value="&#10;"/>
    <property name="java.vm.specification.vendor" value="Oracle Corporation"/>
    <property name="os.name" value="Mac OS X"/>
    <property name="maven.ext.class.path" value="/Applications/IntelliJ IDEA CE.app/Contents/plugins/maven/lib/maven-event-listener.jar"/>
    <property name="classworlds.conf" value="/Applications/IntelliJ IDEA CE.app/Contents/plugins/maven/lib/maven3/bin/m2.conf"/>
    <property name="sun.jnu.encoding" value="UTF-8"/>
    <property name="java.library.path" value="/Users/rodrigo/Library/Java/Extensions:/Library/Java/Extensions:/Network/Library/Java/Extensions:/System/Library/Java/Extensions:/usr/lib/java:."/>
    <property name="maven.conf" value="/Applications/IntelliJ IDEA CE.app/Contents/plugins/maven/lib/maven3/conf"/>
    <property name="java.specification.name" value="Java Platform API Specification"/>
    <property name="java.class.version" value="52.0"/>
    <property name="sun.management.compiler" value="HotSpot 64-Bit Tiered Compilers"/>
    <property name="os.version" value="10.15.7"/>
    <property name="http.nonProxyHosts" value="local|*.local|169.254/16|*.169.254/16"/>
    <property name="user.home" value="/Users/rodrigo"/>
    <property name="user.timezone" value="America/Sao_Paulo"/>
    <property name="java.awt.printerjob" value="sun.lwawt.macosx.CPrinterJob"/>
    <property name="java.specification.version" value="1.8"/>
    <property name="file.encoding" value="UTF-8"/>
    <property name="user.name" value="rodrigo"/>
    <property name="java.class.path" value="/Applications/IntelliJ IDEA CE.app/Contents/plugins/maven/lib/maven3/boot/plexus-classworlds.license:/Applications/IntelliJ IDEA CE.app/Contents/plugins/maven/lib/maven3/boot/plexus-classworlds-2.6.0.jar:/Applications/IntelliJ IDEA CE.app/Contents/lib/idea_rt.jar"/>
    <property name="java.vm.specification.version" value="1.8"/>
    <property name="sun.arch.data.model" value="64"/>
    <property name="java.home" value="/Users/rodrigo/Library/Java/JavaVirtualMachines/temurin-1.8.0_302/Contents/Home/jre"/>
    <property name="sun.java.command" value="org.codehaus.classworlds.Launcher -Didea.version=2021.2.2 clean test"/>
    <property name="java.specification.vendor" value="Oracle Corporation"/>
    <property name="user.language" value="pt"/>
    <property name="awt.toolkit" value="sun.lwawt.macosx.LWCToolkit"/>
    <property name="java.vm.info" value="mixed mode"/>
    <property name="java.version" value="1.8.0_302"/>
    <property name="java.ext.dirs" value="/Users/rodrigo/Library/Java/Extensions:/Users/rodrigo/Library/Java/JavaVirtualMachines/temurin-1.8.0_302/Contents/Home/jre/lib/ext:/Library/Java/Extensions:/Network/Library/Java/Extensions:/System/Library/Java/Extensions:/usr/lib/java"/>
    <property name="sun.boot.class.path" value="/Users/rodrigo/Library/Java/JavaVirtualMachines/temurin-1.8.0_302/Contents/Home/jre/lib/resources.jar:/Users/rodrigo/Library/Java/JavaVirtualMachines/temurin-1.8.0_302/Contents/Home/jre/lib/rt.jar:/Users/rodrigo/Library/Java/JavaVirtualMachines/temurin-1.8.0_302/Contents/Home/jre/lib/sunrsasign.jar:/Users/rodrigo/Library/Java/JavaVirtualMachines/temurin-1.8.0_302/Contents/Home/jre/lib/jsse.jar:/Users/rodrigo/Library/Java/JavaVirtualMachines/temurin-1.8.0_302/Contents/Home/jre/lib/jce.jar:/Users/rodrigo/Library/Java/JavaVirtualMachines/temurin-1.8.0_302/Contents/Home/jre/lib/charsets.jar:/Users/rodrigo/Library/Java/JavaVirtualMachines/temurin-1.8.0_302/Contents/Home/jre/lib/jfr.jar:/Users/rodrigo/Library/Java/JavaVirtualMachines/temurin-1.8.0_302/Contents/Home/jre/classes"/>
    <property name="java.vendor" value="Temurin"/>
    <property name="maven.home" value="/Applications/IntelliJ IDEA CE.app/Contents/plugins/maven/lib/maven3"/>
    <property name="file.separator" value="/"/>
    <property name="java.vendor.url.bug" value="https://github.com/adoptium/adoptium-support/issues"/>
    <property name="sun.cpu.endian" value="little"/>
    <property name="sun.io.unicode.encoding" value="UnicodeBig"/>
    <property name="socksNonProxyHosts" value="local|*.local|169.254/16|*.169.254/16"/>
    <property name="ftp.nonProxyHosts" value="local|*.local|169.254/16|*.169.254/16"/>
    <property name="sun.cpu.isalist" value=""/>
  </properties>
  <testcase name="testOpeningBrowserAndLoadingPage" classname="tests.setupTest" time="109.166"/>
  <testcase name="testLogin" classname="tests.setupTest" time="58.735"/>
  <testcase name="testAddProductToProductPage" classname="tests.setupTest" time="59.026"/>
  <testcase name="testAcessCategoryTShirts" classname="tests.setupTest" time="56.089"/>
  <testcase name="testAddProductToCartPage" classname="tests.setupTest" time="54.621"/>
  <testcase name="testSearch" classname="tests.setupTest" time="63.765"/>
</testsuite>